<?xml version="1.0" encoding="UTF-8"?>
<testsuite xmlns:xsi="http://www.w3.org/2001/XMLSchema-instance" xsi:noNamespaceSchemaLocation="https://maven.apache.org/surefire/maven-surefire-plugin/xsd/surefire-test-report-3.0.xsd" version="3.0" name="com.internet.tests.DragAndDropTests" time="2.817" tests="1" errors="0" skipped="0" failures="0">
  <properties>
[...]
</properties>
  <testcase name="dragAndDropTest" classname="com.internet.tests.DragAndDropTests" time="2.816">
    <system-out><![CDATA[20:09:08.442 [main] INFO  i.g.bonigarcia.wdm.WebDriverManager -- Using chromedriver 144.0.7559.133 (resolved driver for Chrome 144)
20:09:08.446 [main] INFO  i.g.bonigarcia.wdm.WebDriverManager -- Exporting webdriver.chrome.driver as /Users/hannakozlianska/.cache/selenium/chromedriver/mac-arm64/144.0.7559.133/chromedriver
20:09:09.465 [main] INFO  com.internet.utils.MyListener -- We opened the site https://the-internet.herokuapp.com/
20:09:10.888 [main] INFO  com.internet.utils.MyListener -- We clicked on [[ChromeDriver: chrome on mac (3b5937f02c6c525f0aca2452130b4d1b)] -> xpath: //a[text()='Drag and Drop']]
20:09:10.888 [main] INFO  com.internet.utils.MyListener -- *************************
20:09:11.143 [main] INFO  com.internet.utils.MyListener -- [org.openqa.selenium.interactions.Sequence@30b975ad]
20:09:11.144 [main] INFO  com.internet.utils.MyListener -- *************************
20:09:11.161 [main] INFO  com.internet.utils.MyListener -- [[ChromeDriver: chrome on mac (3b5937f02c6c525f0aca2452130b4d1b)] -> id: column-a]contains B
20:09:11.161 [main] INFO  com.internet.utils.MyListener -- *************************
20:09:11.169 [main] INFO  com.internet.utils.MyListener -- [[ChromeDriver: chrome on mac (3b5937f02c6c525f0aca2452130b4d1b)] -> id: column-b]contains A
20:09:11.169 [main] INFO  com.internet.utils.MyListener -- *************************
20:09:11.255 [main] INFO  com.internet.utils.MyTestWatcher -- The method Optional[public void com.internet.tests.DragAndDropTests.dragAndDropTest()] is PASSED
20:09:11.255 [main] INFO  com.internet.utils.MyTestWatcher -- dragAndDropTest()
20:09:11.255 [main] INFO  com.internet.utils.MyTestWatcher -- *******************************************+*******
]]></system-out>
  </testcase>
</testsuite>